0 info it worked if it ends with ok
1 verbose cli [ 'C:\\Program Files\\nodejs\\node.exe',
1 verbose cli   'C:\\Users\\Iordan\\AppData\\Roaming\\npm\\node_modules\\npm\\bin\\npm-cli.js',
1 verbose cli   'start' ]
2 info using npm@4.0.2
3 info using node@v6.11.0
4 verbose run-script [ 'prestart', 'start', 'poststart' ]
5 info lifecycle ajax-api-jquery-project@1.1.0~prestart: ajax-api-jquery-project@1.1.0
6 silly lifecycle ajax-api-jquery-project@1.1.0~prestart: no script for prestart, continuing
7 info lifecycle ajax-api-jquery-project@1.1.0~start: ajax-api-jquery-project@1.1.0
8 verbose lifecycle ajax-api-jquery-project@1.1.0~start: unsafe-perm in lifecycle true
9 verbose lifecycle ajax-api-jquery-project@1.1.0~start: PATH: C:\Users\Iordan\AppData\Roaming\npm\node_modules\npm\bin\node-gyp-bin;C:\Users\Iordan\Desktop\PROEKT\ajax-restful-api-react\ajax-restful-api-react\node_modules\.bin;C:\Users\Iordan\AppData\Roaming\npm;C:\Program Files\nodejs\;C:\Program Files (x86)\NVIDIA Corporation\PhysX\Common;C:\Administrator\Programs\ActivePerl\site\bin;C:\Administrator\Programs\ActivePerl\bin;C:\ProgramData\Oracle\Java\javapath;C:\Program Files (x86)\AMD APP\bin\x86_64;C:\Program Files (x86)\AMD APP\bin\x86;C:\Windows\system32;C:\Windows;C:\Windows\System32\Wbem;C:\Windows\System32\WindowsPowerShell\v1.0\;C:\Program Files (x86)\ATI Technologies\ATI.ACE\Core-Static;C:\Program Files (x86)\Skype\Phone\;C:\Administrator\Programs\Git\cmd;C:\Program Files\nodejs\;C:\Users\Iordan\AppData\Local\Programs\Python\Python36-32\Scripts\;C:\Users\Iordan\AppData\Local\Programs\Python\Python36-32\;C:\Administrator\Programs\Ruby23\bin;C:\Windows\System32;C:\Windows;C:\Windows\System32\Wbem;C:\Administrator\Games\Half-Life 2 + episodes\hl2\..\bin;C:\Administrator\Programs\Heroku\bin;C:\Users\Iordan\AppData\Roaming\npm
10 verbose lifecycle ajax-api-jquery-project@1.1.0~start: CWD: C:\Users\Iordan\Desktop\PROEKT\ajax-restful-api-react\ajax-restful-api-react
11 silly lifecycle ajax-api-jquery-project@1.1.0~start: Args: [ '/d /s /c', 'node server.js' ]
12 silly lifecycle ajax-api-jquery-project@1.1.0~start: Returned: code: 1  signal: null
13 info lifecycle ajax-api-jquery-project@1.1.0~start: Failed to exec start script
14 verbose stack Error: ajax-api-jquery-project@1.1.0 start: `node server.js`
14 verbose stack Exit status 1
14 verbose stack     at EventEmitter.<anonymous> (C:\Users\Iordan\AppData\Roaming\npm\node_modules\npm\lib\utils\lifecycle.js:279:16)
14 verbose stack     at emitTwo (events.js:106:13)
14 verbose stack     at EventEmitter.emit (events.js:191:7)
14 verbose stack     at ChildProcess.<anonymous> (C:\Users\Iordan\AppData\Roaming\npm\node_modules\npm\lib\utils\spawn.js:40:14)
14 verbose stack     at emitTwo (events.js:106:13)
14 verbose stack     at ChildProcess.emit (events.js:191:7)
14 verbose stack     at maybeClose (internal/child_process.js:891:16)
14 verbose stack     at Process.ChildProcess._handle.onexit (internal/child_process.js:226:5)
15 verbose pkgid ajax-api-jquery-project@1.1.0
16 verbose cwd C:\Users\Iordan\Desktop\PROEKT\ajax-restful-api-react\ajax-restful-api-react
17 error Windows_NT 6.1.7601
18 error argv "C:\\Program Files\\nodejs\\node.exe" "C:\\Users\\Iordan\\AppData\\Roaming\\npm\\node_modules\\npm\\bin\\npm-cli.js" "start"
19 error node v6.11.0
20 error npm  v4.0.2
21 error code ELIFECYCLE
22 error ajax-api-jquery-project@1.1.0 start: `node server.js`
22 error Exit status 1
23 error Failed at the ajax-api-jquery-project@1.1.0 start script 'node server.js'.
23 error Make sure you have the latest version of node.js and npm installed.
23 error If you do, this is most likely a problem with the ajax-api-jquery-project package,
23 error not with npm itself.
23 error Tell the author that this fails on your system:
23 error     node server.js
23 error You can get information on how to open an issue for this project with:
23 error     npm bugs ajax-api-jquery-project
23 error Or if that isn't available, you can get their info via:
23 error     npm owner ls ajax-api-jquery-project
23 error There is likely additional logging output above.
24 verbose exit [ 1, true ]
